<?xml version="1.0" encoding="UTF-8"?>
<!-- Generated by org.testng.reporters.JUnitReportReporter -->
<testsuite hostname="MINDLAPD-31" name="com.automation.testscripts.Invessence.NewAccount" tests="3" failures="0" timestamp="6 Mar 2017 11:32:40 GMT" time="54.258" errors="0">
  <testcase name="newaccount" time="0.000" classname="com.automation.testscripts.Invessence.NewAccount"/>
  <testcase name="newaccount" time="54.258" classname="com.automation.testscripts.Invessence.NewAccount"/>
  <testcase name="newaccount" time="0.000" classname="com.automation.testscripts.Invessence.NewAccount"/>
</testsuite> <!-- com.automation.testscripts.Invessence.NewAccount -->
