<?xml version="1.0" encoding="UTF-8"?>
<!-- Generated by org.testng.reporters.JUnitReportReporter -->
<testsuite skipped="0" hostname="737776-dev" name="com.automation.testscripts.Invessence.NewPortfolioCreationOpenAccount" tests="8" failures="0" timestamp="15 Mar 2017 06:39:03 GMT" time="117.452" errors="0">
  <testcase name="newaccount" time="0.002" classname="com.automation.testscripts.Invessence.NewPortfolioCreationOpenAccount"/>
  <testcase name="newaccount" time="0.003" classname="com.automation.testscripts.Invessence.NewPortfolioCreationOpenAccount"/>
  <testcase name="newaccount" time="0.015" classname="com.automation.testscripts.Invessence.NewPortfolioCreationOpenAccount"/>
  <testcase name="newaccount" time="117.421" classname="com.automation.testscripts.Invessence.NewPortfolioCreationOpenAccount"/>
  <testcase name="newaccount" time="0.003" classname="com.automation.testscripts.Invessence.NewPortfolioCreationOpenAccount"/>
  <testcase name="newaccount" time="0.002" classname="com.automation.testscripts.Invessence.NewPortfolioCreationOpenAccount"/>
  <testcase name="newaccount" time="0.003" classname="com.automation.testscripts.Invessence.NewPortfolioCreationOpenAccount"/>
  <testcase name="newaccount" time="0.003" classname="com.automation.testscripts.Invessence.NewPortfolioCreationOpenAccount"/>
</testsuite> <!-- com.automation.testscripts.Invessence.NewPortfolioCreationOpenAccount -->
