<?xml version="1.0" encoding="UTF-8"?>
<!-- Generated by org.testng.reporters.JUnitReportReporter -->
<testsuite hostname="MINDLAPD-31" name="com.automation.testscripts.Invessence.NewPortfolioCreationVisitor" tests="3" failures="0" timestamp="7 Mar 2017 11:08:08 GMT" time="41.954" errors="0">
  <testcase name="newaccount" time="0.000" classname="com.automation.testscripts.Invessence.NewPortfolioCreationVisitor"/>
  <testcase name="newaccount" time="0.000" classname="com.automation.testscripts.Invessence.NewPortfolioCreationVisitor"/>
  <testcase name="newaccount" time="41.954" classname="com.automation.testscripts.Invessence.NewPortfolioCreationVisitor"/>
</testsuite> <!-- com.automation.testscripts.Invessence.NewPortfolioCreationVisitor -->
